0 info it worked if it ends with ok
1 verbose cli [ 'C:\\Program Files\\nodejs\\\\node.exe',
1 verbose cli   'C:\\Program Files\\nodejs\\node_modules\\npm\\bin\\npm-cli.js',
1 verbose cli   'publish',
1 verbose cli   './' ]
2 info using npm@2.5.1
3 info using node@v0.12.0
4 verbose node symlink C:\Program Files\nodejs\\node.exe
5 verbose publish [ './' ]
6 silly cache add args [ './', null ]
7 verbose cache add spec ./
8 silly cache add parsed spec { raw: './',
8 silly cache add   scope: null,
8 silly cache add   name: null,
8 silly cache add   rawSpec: './',
8 silly cache add   spec: 'E:\\Dropbox\\projects\\zenx-server',
8 silly cache add   type: 'directory' }
9 verbose addLocalDirectory C:\Users\Kosmas\AppData\Roaming\npm-cache\zenx\0.0.26\package.tgz not in flight; packing
10 verbose tar pack [ 'C:\\Users\\Kosmas\\AppData\\Roaming\\npm-cache\\zenx\\0.0.26\\package.tgz',
10 verbose tar pack   'E:\\Dropbox\\projects\\zenx-server' ]
11 verbose tarball C:\Users\Kosmas\AppData\Roaming\npm-cache\zenx\0.0.26\package.tgz
12 verbose folder E:\Dropbox\projects\zenx-server
13 info prepublish zenx@0.0.26
14 verbose addLocalTarball adding from inside cache C:\Users\Kosmas\AppData\Roaming\npm-cache\zenx\0.0.26\package.tgz
15 silly cache afterAdd zenx@0.0.26
16 verbose afterAdd C:\Users\Kosmas\AppData\Roaming\npm-cache\zenx\0.0.26\package\package.json not in flight; writing
17 verbose afterAdd C:\Users\Kosmas\AppData\Roaming\npm-cache\zenx\0.0.26\package\package.json written
18 silly publish { name: 'zenx',
18 silly publish   version: '0.0.26',
18 silly publish   description: 'A lite cloud server system.',
18 silly publish   homepage: 'https://zenx.io/',
18 silly publish   icon: 'https://tournouatichu.com/zenx.png',
18 silly publish   license: 'MIT',
18 silly publish   main: 'main.js',
18 silly publish   repository:
18 silly publish    { type: 'git',
18 silly publish      url: 'https://github.com/raelgor/zenx-server.git' },
18 silly publish   dependencies:
18 silly publish    { lodash: '>=3.7.0',
18 silly publish      mongodb: '>=2.0.28',
18 silly publish      express: '>=4.12.3',
18 silly publish      ws: '>=0.7.1',
18 silly publish      compression: '>=1.4.3',
18 silly publish      jade: '1.9.2',
18 silly publish      shortid: '2.2.2',
18 silly publish      'password-hash': '1.2.2',
18 silly publish      'body-parser': '1.12.3',
18 silly publish      prompt: '0.2.14' },
18 silly publish   devDependencies:
18 silly publish    { gulp: '^3.8.11',
18 silly publish      'gulp-concat': '^2.4.1',
18 silly publish      'gulp-minify-css': '^0.4.6',
18 silly publish      'gulp-ng-annotate': '^0.3.3',
18 silly publish      'gulp-nodemon': '^1.0.4',
18 silly publish      'gulp-sourcemaps': '^1.2.2',
18 silly publish      'gulp-stylus': '^1.3.3',
18 silly publish      'gulp-uglify': '^1.0.1' },
18 silly publish   author:
18 silly publish    { name: 'Kosmas Papadatos',
18 silly publish      email: 'kosmas.papadatos@gmail.com',
18 silly publish      url: 'https://plus.google.com/+KosmasPapadatos' },
18 silly publish   gitHead: 'ba64e38d8caabef32f8930a4b72ddc2474698ca5',
18 silly publish   bugs: { url: 'https://github.com/raelgor/zenx-server/issues' },
18 silly publish   readme: 'ERROR: No README data found!',
18 silly publish   _id: 'zenx@0.0.26',
18 silly publish   scripts: {},
18 silly publish   _shasum: '4e5313944bec748f54ccdb9b3af7f3d6c8ed6189',
18 silly publish   _from: '.' }
19 silly mapToRegistry name zenx
20 silly mapToRegistry using default registry
21 silly mapToRegistry registry https://registry.npmjs.org/
22 silly mapToRegistry uri https://registry.npmjs.org/zenx
23 verbose publish registryBase https://registry.npmjs.org/
24 silly publish uploading C:\Users\Kosmas\AppData\Roaming\npm-cache\zenx\0.0.26\package.tgz
25 verbose request uri https://registry.npmjs.org/zenx
26 verbose request sending authorization for write operation
27 info attempt registry request try #1 at 10:58:03 PM
28 verbose request using bearer token for auth
29 verbose request id 5b581e719f87483f
30 http request PUT https://registry.npmjs.org/zenx
31 http 403 https://registry.npmjs.org/zenx
32 verbose headers { date: 'Wed, 29 Apr 2015 20:01:14 GMT',
32 verbose headers   server: 'Apache',
32 verbose headers   'content-type': 'application/json',
32 verbose headers   'cache-control': 'max-age=60',
32 verbose headers   'content-length': '96',
32 verbose headers   'accept-ranges': 'bytes',
32 verbose headers   via: '1.1 varnish',
32 verbose headers   'x-served-by': 'cache-ams4134-AMS',
32 verbose headers   'x-cache': 'MISS',
32 verbose headers   'x-cache-hits': '0',
32 verbose headers   'x-timer': 'S1430337496.079144,VS0,VE178319',
32 verbose headers   'keep-alive': 'timeout=10, max=50',
32 verbose headers   connection: 'Keep-Alive' }
33 verbose request invalidating C:\Users\Kosmas\AppData\Roaming\npm-cache\registry.npmjs.org\zenx on PUT
34 error publish Failed PUT 403
35 verbose stack Error: "You cannot publish over the previously published version 0.0.26." : zenx
35 verbose stack     at CachingRegistryClient.<anonymous> (C:\Program Files\nodejs\node_modules\npm\node_modules\npm-registry-client\lib\request.js:254:14)
35 verbose stack     at Request._callback (C:\Program Files\nodejs\node_modules\npm\node_modules\npm-registry-client\lib\request.js:178:14)
35 verbose stack     at Request.self.callback (C:\Program Files\nodejs\node_modules\npm\node_modules\request\request.js:344:22)
35 verbose stack     at Request.emit (events.js:110:17)
35 verbose stack     at Request.<anonymous> (C:\Program Files\nodejs\node_modules\npm\node_modules\request\request.js:1239:14)
35 verbose stack     at Request.emit (events.js:129:20)
35 verbose stack     at IncomingMessage.<anonymous> (C:\Program Files\nodejs\node_modules\npm\node_modules\request\request.js:1187:12)
35 verbose stack     at IncomingMessage.emit (events.js:129:20)
35 verbose stack     at _stream_readable.js:908:16
35 verbose stack     at process._tickCallback (node.js:355:11)
36 verbose statusCode 403
37 verbose pkgid zenx
38 verbose cwd E:\Dropbox\projects\zenx-server
39 error Windows_NT 6.3.9600
40 error argv "C:\\Program Files\\nodejs\\\\node.exe" "C:\\Program Files\\nodejs\\node_modules\\npm\\bin\\npm-cli.js" "publish" "./"
41 error node v0.12.0
42 error npm  v2.5.1
43 error code E403
44 error "You cannot publish over the previously published version 0.0.26." : zenx
45 error If you need help, you may report this error at:
45 error     <http://github.com/npm/npm/issues>
46 verbose exit [ 1, true ]
